<?xml version="1.0" encoding="UTF-8"?>
<testsuite name="com.levelUP.LevelUPGamingCafeTest" tests="1" skipped="0" failures="0" errors="0" timestamp="2026-07-05T09:45:30.289Z" hostname="Ubuntuu" time="0.018">
  <properties/>
  <testcase name="testItWorks()" classname="com.levelUP.LevelUPGamingCafeTest" time="0.018"/>
  <system-out><![CDATA[?[36m09:45:29.791?[0;39m ?[1;30m[Test worker]?[0;39m ?[34mINFO ?[0;39m ?[35mi.m.c.DefaultApplicationContext$RuntimeConfiguredEnvironment?[0;39m - Established active environments: [test]
]]></system-out>
  <system-err><![CDATA[]]></system-err>
</testsuite>
